[game4ou.xyz/firekirinfree/index.html]
[backblue.gif]
[fade.gif]
[index.html]
[d13pxqgp3ixdbh.cloudfront.net/uploads/1637868644b7890ab88d706b4ca0f7b5961f091e69.png]
[www.google-analytics.com/analytics.js]
[browser.sentry-cdn.com/6.4.1/bundle.min.js]
[d13pxqgp3ixdbh.cloudfront.net/uploads/1642599791a60f1535489642e8647ce0aface76d2a.png]
[dby7kx9z9yzse.cloudfront.net/3c82c81.js]
[d13pxqgp3ixdbh.cloudfront.net/uploads/16425962814773fd277b7b0a85fc2c09a41bd7b800.png]
[game4ou.xyz/firekirinfree/index.html]
[d13pxqgp3ixdbh.cloudfront.net/uploads/16425978810d7d51d8a3f18fb9ead9ee8fc2680a0a.png]
[d13pxqgp3ixdbh.cloudfront.net/uploads/16425976685eecca255525a57c0c52aac367ee4d96.png]
[d13pxqgp3ixdbh.cloudfront.net/uploads/1642596281297aa0b9d971870308f35efc5dd8f734.png]
[d13pxqgp3ixdbh.cloudfront.net/uploads/16425989072fc8ed97461b77bf12569459468d12a8.png]
[d13pxqgp3ixdbh.cloudfront.net/uploads/1588655236954cab46587f373a577750abb32ce621.png]
[ajax.googleapis.com/ajax/libs/jquery/2.2.4/jquery.min.js]
[d13pxqgp3ixdbh.cloudfront.net/uploads/16426790659414628850f860edff29f151c9d4f880.png]
[d13pxqgp3ixdbh.cloudfront.net/uploads/163542468278c021e06cc778d4aef36f80e47413a2.gif]
[game4ou.xyz/firekirinfree/customTemplateGlobal.html]
